This is XeTeX, Version 3.14159265-2.6-0.99999 (TeX Live 2018) (preloaded format=xelatex 2018.3.22)  18 SEP 2018 08:02
entering extended mode
 restricted \write18 enabled.
 file:line:error style messages enabled.
 %&-line parsing enabled.
**header.tex
(./header.tex
LaTeX2e <2017-04-15>
Babel <3.18> and hyphenation patterns for 84 language(s) loaded.
(/usr/local/texlive/2018/texmf-dist/tex/latex/memoir/memoir.cls
Document Class: memoir 2016/05/16 v3.7f configurable book, report, article docu
ment class
\onelineskip=\skip41
\lxvchars=\skip42
\xlvchars=\skip43
\@memcnta=\count79
\c@@memmarkcntra=\count80
(/usr/local/texlive/2018/texmf-dist/tex/generic/oberdiek/ifpdf.sty
Package: ifpdf 2017/03/15 v3.2 Provides the ifpdf switch
)
(/usr/local/texlive/2018/texmf-dist/tex/latex/ifetex/ifetex.sty
Package: ifetex 2011/12/15 v1.2 ifetex

(/usr/local/texlive/2018/texmf-dist/tex/plain/ifetex/ifetex.tex))
(/usr/local/texlive/2018/texmf-dist/tex/generic/ifxetex/ifxetex.sty
Package: ifxetex 2010/09/12 v0.6 Provides ifxetex conditional
)
(/usr/local/texlive/2018/texmf-dist/tex/generic/oberdiek/ifluatex.sty
Package: ifluatex 2016/05/16 v1.4 Provides the ifluatex switch (HO)
Package ifluatex Info: LuaTeX not detected.
)
\stockheight=\skip44
\stockwidth=\skip45
\trimtop=\skip46
\trimedge=\skip47

(/usr/local/texlive/2018/texmf-dist/tex/latex/memoir/mem10.clo
File: mem10.clo 2008/01/30 v0.3 memoir class 10pt size option
)
\binding=\skip48
\spinemargin=\skip49
\foremargin=\skip50
\uppermargin=\skip51
\lowermargin=\skip52
\headdrop=\skip53
\normalrulethickness=\skip54
\mem@maxheadheight=\skip55
\mem@maxfootheight=\skip56
\headwidth=\skip57
\c@storedpagenumber=\count81
\memPD=\dimen102
\m@mabparskip=\skip58
\thanksmarkwidth=\skip59
\thanksmarksep=\skip60
\droptitle=\skip61
\c@book=\count82
\c@part=\count83
\c@chapter=\count84
\c@section=\count85
\c@subsection=\count86
\c@subsubsection=\count87
\c@paragraph=\count88
\c@subparagraph=\count89
\beforechapskip=\skip62
\midchapskip=\skip63
\afterchapskip=\skip64
\chapindent=\skip65
\bottomsectionskip=\skip66
\secindent=\skip67
\beforesecskip=\skip68
\aftersecskip=\skip69
\subsecindent=\skip70
\beforesubsecskip=\skip71
\aftersubsecskip=\skip72
\subsubsecindent=\skip73
\beforesubsubsecskip=\skip74
\aftersubsubsecskip=\skip75
\paraindent=\skip76
\beforeparaskip=\skip77
\afterparaskip=\skip78
\subparaindent=\skip79
\beforesubparaskip=\skip80
\aftersubparaskip=\skip81
\pfbreakskip=\skip82
\c@@ppsavesec=\count90
\c@@ppsaveapp=\count91
\ragrparindent=\dimen103
\everylistparindent=\dimen104
\parsepi=\skip83
\topsepi=\skip84
\itemsepi=\skip85
\parsepii=\skip86
\topsepii=\skip87
\topsepiii=\skip88
\itemsepii=\skip89
\itemsepiii=\skip90
\partopsepii=\skip91
\partopsepiii=\skip92
\m@msavetopsep=\skip93
\m@msavepartopsep=\skip94
\@enLab=\toks14
\abstitleskip=\skip95
\absleftindent=\skip96
\abs@leftindent=\dimen105
\absrightindent=\skip97
\absparindent=\skip98
\absparsep=\skip99
\c@vslineno=\count92
\c@poemline=\count93
\c@modulo@vs=\count94
\c@memfvsline=\count95
\vleftskip=\skip100
\vrightskip=\skip101
\stanzaskip=\skip102
\versewidth=\skip103
\vgap=\skip104
\vindent=\skip105
\vleftmargin=\dimen106
\c@verse=\count96
\c@chrsinstr=\count97
\beforepoemtitleskip=\skip106
\afterpoemtitleskip=\skip107
\c@poem=\count98
\beforePoemTitleskip=\skip108
\midPoemTitleskip=\skip109
\afterPoemTitleskip=\skip110
\col@sep=\dimen107
\extrarowheight=\dimen108
\NC@list=\toks15
\extratabsurround=\skip111
\backup@length=\skip112
\TX@col@width=\dimen109
\TX@old@table=\dimen110
\TX@old@col=\dimen111
\TX@target=\dimen112
\TX@delta=\dimen113
\TX@cols=\count99
\TX@ftn=\toks16
\heavyrulewidth=\dimen114
\lightrulewidth=\dimen115
\cmidrulewidth=\dimen116
\belowrulesep=\dimen117
\belowbottomsep=\dimen118
\aboverulesep=\dimen119
\abovetopsep=\dimen120
\cmidrulesep=\dimen121
\cmidrulekern=\dimen122
\defaultaddspace=\dimen123
\@cmidla=\count100
\@cmidlb=\count101
\@aboverulesep=\dimen124
\@belowrulesep=\dimen125
\@thisruleclass=\count102
\@lastruleclass=\count103
\@thisrulewidth=\dimen126
\ctableftskip=\skip113
\ctabrightskip=\skip114
\abovecolumnspenalty=\count104
\@linestogo=\count105
\@cellstogo=\count106
\@cellsincolumn=\count107
\crtok=\toks17
\@mincolumnwidth=\dimen127
\c@newflo@tctr=\count108
\mem@margin@floatbox=\box26
\@contcwidth=\skip115
\@contindw=\skip116
\abovecaptionskip=\skip117
\belowcaptionskip=\skip118
\subfloattopskip=\skip119
\subfloatcapskip=\skip120
\subfloatcaptopadj=\skip121
\subfloatbottomskip=\skip122
\subfloatlabelskip=\skip123
\subfloatcapmargin=\dimen128
\c@@contsubnum=\count109
\m@mscap@capbox=\box27
\m@mscap@fbox=\box28
\sidecapsep=\dimen129
\sidecapwidth=\dimen130
\m@m@tempdima=\dimen131
\m@mscapraise=\dimen132
\sidecapraise=\dimen133
\m@mscapmainwidth=\dimen134
\m@mscaplkern=\dimen135
\beforeepigraphskip=\skip124
\afterepigraphskip=\skip125
\epigraphwidth=\skip126
\epigraphrule=\skip127
LaTeX Info: Redefining \em on input line 7551.
LaTeX Info: Redefining \emph on input line 7559.
\tocentryskip=\skip128
\tocbaseline=\skip129
\cftparskip=\skip130
\cftbeforebookskip=\skip131
\cftbookindent=\dimen136
\cftbooknumwidth=\dimen137
\cftbeforepartskip=\skip132
\cftpartindent=\skip133
\cftpartnumwidth=\skip134
\cftbeforechapterskip=\skip135
\cftchapterindent=\skip136
\cftchapternumwidth=\skip137
\cftbeforesectionskip=\skip138
\cftsectionindent=\skip139
\cftsectionnumwidth=\skip140
\cftbeforesubsectionskip=\skip141
\cftsubsectionindent=\skip142
\cftsubsectionnumwidth=\skip143
\cftbeforesubsubsectionskip=\skip144
\cftsubsubsectionindent=\skip145
\cftsubsubsectionnumwidth=\skip146
\cftbeforeparagraphskip=\skip147
\cftparagraphindent=\skip148
\cftparagraphnumwidth=\skip149
\cftbeforesubparagraphskip=\skip150
\cftsubparagraphindent=\skip151
\cftsubparagraphnumwidth=\skip152
\prechapterprecisshift=\dimen138
\c@maxsecnumdepth=\count110
\bibindent=\dimen139
\bibitemsep=\skip153
\indexcolsep=\skip154
\indexrule=\skip155
\indexmarkstyle=\toks18
\@indexbox=\insert199
\glossarycolsep=\dimen140
\glossaryrule=\dimen141
\sideparvshift=\skip156
\sideins=\insert198
\sidebartopsep=\skip157
\sidebarhsep=\skip158
\sidebarvsep=\skip159
\sidebarwidth=\skip160
\footmarkwidth=\skip161
\footmarksep=\skip162
\footparindent=\skip163
\footinsdim=\skip164
\footinsv@r=\insert197
\@mpfootinsv@r=\insert196
\m@m@k=\count111
\m@m@h=\dimen142
\m@mipn@skip=\skip165
\sidefootins=\insert195
\sidefootadjust=\skip166
\sidefootheight=\skip167
\sidefoothsep=\skip168
\sidefootvsep=\skip169
\sidefootwidth=\skip170
\m@mdownsf=\skip171
\c@sidefootnote=\count112
\sidefootmarkwidth=\skip172
\sidefootmarksep=\skip173
\sidefootparindent=\skip174
\c@pagenote=\count113
\c@pagenoteshadow=\count114
\mem@pn@lastkern=\skip175
\every@verbatim=\toks19
\afterevery@verbatim=\toks20
\verbatim@line=\toks21
\tab@position=\count115
\verbatim@in@stream=\read1
\verbatimindent=\skip176
\verbatim@out=\write3
\bvboxsep=\skip177
\c@memfbvline=\count116
\c@bvlinectr=\count117
\bvnumlength=\skip178
\fb@frw=\dimen143
\fb@frh=\dimen144
\FrameRule=\dimen145
\FrameSep=\dimen146
\c@cp@cntr=\count118
LaTeX Info: Redefining \: on input line 12068.
LaTeX Info: Redefining \! on input line 12070.
\c@ism@mctr=\count119
\c@xsm@mctr=\count120
\c@csm@mctr=\count121
\c@ksm@mctr=\count122
\c@xksm@mctr=\count123
\c@cksm@mctr=\count124
\c@msm@mctr=\count125
\c@xmsm@mctr=\count126
\c@cmsm@mctr=\count127
\c@bsm@mctr=\count128
\c@workm@mctr=\count129
\c@sheetsequence=\count130
\c@lastsheet=\count131
\c@lastpage=\count132
\c@figure=\count133
\c@lofdepth=\count134
\cftbeforefigureskip=\skip179
\cftfigureindent=\skip180
\cftfigurenumwidth=\skip181
\c@table=\count135
\c@lotdepth=\count136
\cftbeforetableskip=\skip182
\cfttableindent=\skip183
\cfttablenumwidth=\skip184
Package abstract [2008/07/23] emulated by memoir.
Package appendix [2008/07/23] emulated by memoir.
Package array [2008/09/09] emulated by memoir.
Package booktabs [2016/05/16] emulated by memoir.
Package ccaption [2008/07/23] emulated by memoir.
Package changepage [2008/07/23] emulated by memoir.
Package chngcntr [2008/07/23] emulated by memoir.
Package chngpage [2008/07/23] emulated by memoir.
Package crop emulated by memoir.
Package dcolumn [2008/07/23] emulated by memoir.
Package delarray [2008/07/23] emulated by memoir.
Package enumerate [2008/07/23] emulated by memoir.
Package epigraph [2008/07/23] emulated by memoir.
Package ifmtarg [2008/07/23] emulated by memoir.
Package index [2008/07/23] emulated by memoir.
Package makeidx [2008/07/23] emulated by memoir.
Package moreverb [2008/07/23] emulated by memoir.
Package mparhack [2008/07/23] emulated by memoir.
Package needspace [2008/07/23] emulated by memoir.
Package newfile [2008/07/23] emulated by memoir.
Package nextpage [2008/07/23] emulated by memoir.
Package pagenote [2008/07/23] emulated by memoir.
Package parskip [2008/07/23] emulated by memoir.
Package patchcmd [2008/07/23] emulated by memoir.
Package setspace [2008/07/23] emulated by memoir.
Package shortvrb [2008/07/23] emulated by memoir.
Package showidx [2008/07/23] emulated by memoir.
Package tabularx [2008/07/23] emulated by memoir.
Package titleref [2008/07/23] emulated by memoir.
Package titling [2008/07/23] emulated by memoir.
Package tocbibind [2008/07/23] emulated by memoir.
Package tocloft [2008/07/23] emulated by memoir.
Package tocvsec2 [2008/07/23] emulated by memoir.
Package verbatim [2008/07/23] emulated by memoir.
Package verse [2008/07/23] emulated by memoir.

(/usr/local/texlive/2018/texmf-dist/tex/latex/memoir/mempatch.sty
Package: mempatch 2009/07/24 v6.0f Patches for memoir class v1.6180339
))
(/usr/local/texlive/2018/texmf-dist/tex/latex/graphics/graphicx.sty
Package: graphicx 2017/06/01 v1.1a Enhanced LaTeX Graphics (DPC,SPQR)

(/usr/local/texlive/2018/texmf-dist/tex/latex/graphics/keyval.sty
Package: keyval 2014/10/28 v1.15 key=value parser (DPC)
\KV@toks@=\toks22
)
(/usr/local/texlive/2018/texmf-dist/tex/latex/graphics/graphics.sty
Package: graphics 2017/06/25 v1.2c Standard LaTeX Graphics (DPC,SPQR)

(/usr/local/texlive/2018/texmf-dist/tex/latex/graphics/trig.sty
Package: trig 2016/01/03 v1.10 sin cos tan (DPC)
)
(/usr/local/texlive/2018/texmf-dist/tex/latex/graphics-cfg/graphics.cfg
File: graphics.cfg 2016/06/04 v1.11 sample graphics configuration
)
Package graphics Info: Driver file: xetex.def on input line 99.

(/usr/local/texlive/2018/texmf-dist/tex/latex/graphics-def/xetex.def
File: xetex.def 2017/06/24 v5.0h Graphics/color driver for xetex
))
\Gin@req@height=\dimen147
\Gin@req@width=\dimen148
)
(/usr/local/texlive/2018/texmf-dist/tex/latex/wrapfig/wrapfig.sty
\wrapoverhang=\dimen149
\WF@size=\dimen150
\c@WF@wrappedlines=\count137
\WF@box=\box29
\WF@everypar=\toks23
Package: wrapfig 2003/01/31  v 3.6
)

******************************************************
Stock height and width: 614.57951pt by 389.80275pt
Top and edge trims: 0pt and 0pt
Page height and width: 614.57951pt by 389.80275pt
Text height and width: 466pt by 253pt
Spine and edge margins: 68.2866pt and 68.2866pt
Upper and lower margins: 76.82243pt and 71.75708pt
Headheight and headsep: 12pt and 18.06749pt
Footskip: 25.29494pt
Columnsep and columnseprule: 10pt and 0pt
Marginparsep and marginparwidth: 7pt and 54.2866pt
Sidecapsep and sidecapwidth: 7pt and 128pt
Sidebarhsep and sidebarwidth: 7pt and 128pt
Sidebarvsep and sidebartopsep: 12pt and 0pt
Sidebarheight: 548.39996pt
Sidefoothsep and sidefootwidth: 7pt and 128pt
Sidefootvsep and sidefootheight: 12pt and 548.39996pt
******************************************************

(/usr/local/texlive/2018/texmf-dist/tex/latex/microtype/microtype.sty
Package: microtype 2018/01/14 v2.7a Micro-typographical refinements (RS)
\MT@toks=\toks24
\MT@count=\count138
LaTeX Info: Redefining \textls on input line 793.
\MT@outer@kern=\dimen151
LaTeX Info: Redefining \textmicrotypecontext on input line 1339.
\MT@listname@count=\count139

(/usr/local/texlive/2018/texmf-dist/tex/latex/microtype/microtype-xetex.def
File: microtype-xetex.def 2018/01/14 v2.7a Definitions specific to xetex (RS)
LaTeX Info: Redefining \lsstyle on input line 256.
)
Package microtype Info: Loading configuration file microtype.cfg.

(/usr/local/texlive/2018/texmf-dist/tex/latex/microtype/microtype.cfg
File: microtype.cfg 2018/01/14 v2.7a microtype main configuration file (RS)
))
(/usr/local/texlive/2018/texmf-dist/tex/latex/fontspec/fontspec.sty
(/usr/local/texlive/2018/texmf-dist/tex/latex/l3packages/xparse/xparse.sty
(/usr/local/texlive/2018/texmf-dist/tex/latex/l3kernel/expl3.sty
Package: expl3 2018/03/05 L3 programming layer (loader) 

(/usr/local/texlive/2018/texmf-dist/tex/latex/l3kernel/expl3-code.tex
Package: expl3 2018/03/05 L3 programming layer (code)
\c_max_int=\count140
\l_tmpa_int=\count141
\l_tmpb_int=\count142
\g_tmpa_int=\count143
\g_tmpb_int=\count144
\g__intarray_font_int=\count145
\g__prg_map_int=\count146
\c_log_iow=\count147
\l_iow_line_count_int=\count148
\l__iow_line_target_int=\count149
\l__iow_one_indent_int=\count150
\l__iow_indent_int=\count151
\c_zero_dim=\dimen152
\c_max_dim=\dimen153
\l_tmpa_dim=\dimen154
\l_tmpb_dim=\dimen155
\g_tmpa_dim=\dimen156
\g_tmpb_dim=\dimen157
\c_zero_skip=\skip185
\c_max_skip=\skip186
\l_tmpa_skip=\skip187
\l_tmpb_skip=\skip188
\g_tmpa_skip=\skip189
\g_tmpb_skip=\skip190
\c_zero_muskip=\muskip10
\c_max_muskip=\muskip11
\l_tmpa_muskip=\muskip12
\l_tmpb_muskip=\muskip13
\g_tmpa_muskip=\muskip14
\g_tmpb_muskip=\muskip15
\l_keys_choice_int=\count152
\c__fp_leading_shift_int=\count153
\c__fp_middle_shift_int=\count154
\c__fp_trailing_shift_int=\count155
\c__fp_big_leading_shift_int=\count156
\c__fp_big_middle_shift_int=\count157
\c__fp_big_trailing_shift_int=\count158
\c__fp_Bigg_leading_shift_int=\count159
\c__fp_Bigg_middle_shift_int=\count160
\c__fp_Bigg_trailing_shift_int=\count161
\l__sort_length_int=\count162
\l__sort_min_int=\count163
\l__sort_top_int=\count164
\l__sort_max_int=\count165
\l__sort_true_max_int=\count166
\l__sort_block_int=\count167
\l__sort_begin_int=\count168
\l__sort_end_int=\count169
\l__sort_A_int=\count170
\l__sort_B_int=\count171
\l__sort_C_int=\count172
\l__tl_build_start_index_int=\count173
\l__tl_build_index_int=\count174
\l__tl_analysis_normal_int=\count175
\l__tl_analysis_index_int=\count176
\l__tl_analysis_nesting_int=\count177
\l__tl_analysis_type_int=\count178
\l__regex_internal_a_int=\count179
\l__regex_internal_b_int=\count180
\l__regex_internal_c_int=\count181
\l__regex_balance_int=\count182
\l__regex_group_level_int=\count183
\l__regex_mode_int=\count184
\c__regex_cs_in_class_mode_int=\count185
\c__regex_cs_mode_int=\count186
\l__regex_catcodes_int=\count187
\l__regex_default_catcodes_int=\count188
\c__regex_catcode_L_int=\count189
\c__regex_catcode_O_int=\count190
\c__regex_catcode_A_int=\count191
\c__regex_all_catcodes_int=\count192
\l__regex_show_lines_int=\count193
\l__regex_min_state_int=\count194
\l__regex_max_state_int=\count266
\l__regex_left_state_int=\count267
\l__regex_right_state_int=\count268
\l__regex_capturing_group_int=\count269
\l__regex_min_pos_int=\count270
\l__regex_max_pos_int=\count271
\l__regex_curr_pos_int=\count272
\l__regex_start_pos_int=\count273
\l__regex_success_pos_int=\count274
\l__regex_curr_char_int=\count275
\l__regex_curr_catcode_int=\count276
\l__regex_last_char_int=\count277
\l__regex_case_changed_char_int=\count278
\l__regex_curr_state_int=\count279
\l__regex_step_int=\count280
\l__regex_min_active_int=\count281
\l__regex_max_active_int=\count282
\l__regex_replacement_csnames_int=\count283
\l__regex_match_count_int=\count284
\l__regex_min_submatch_int=\count285
\l__regex_submatch_int=\count286
\l__regex_zeroth_submatch_int=\count287
\g__regex_trace_regex_int=\count288
\c_empty_box=\box30
\l_tmpa_box=\box31
\l_tmpb_box=\box32
\g_tmpa_box=\box33
\g_tmpb_box=\box34
\l__box_top_dim=\dimen158
\l__box_bottom_dim=\dimen159
\l__box_left_dim=\dimen160
\l__box_right_dim=\dimen161
\l__box_top_new_dim=\dimen162
\l__box_bottom_new_dim=\dimen163
\l__box_left_new_dim=\dimen164
\l__box_right_new_dim=\dimen165
\l__box_internal_box=\box35
\l__coffin_internal_box=\box36
\l__coffin_internal_dim=\dimen166
\l__coffin_offset_x_dim=\dimen167
\l__coffin_offset_y_dim=\dimen168
\l__coffin_x_dim=\dimen169
\l__coffin_y_dim=\dimen170
\l__coffin_x_prime_dim=\dimen171
\l__coffin_y_prime_dim=\dimen172
\c_empty_coffin=\box37
\l__coffin_aligned_coffin=\box38
\l__coffin_aligned_internal_coffin=\box39
\l_tmpa_coffin=\box40
\l_tmpb_coffin=\box41
\l__coffin_display_coffin=\box42
\l__coffin_display_coord_coffin=\box43
\l__coffin_display_pole_coffin=\box44
\l__coffin_display_offset_dim=\dimen173
\l__coffin_display_x_dim=\dimen174
\l__coffin_display_y_dim=\dimen175
\l__coffin_bounding_shift_dim=\dimen176
\l__coffin_left_corner_dim=\dimen177
\l__coffin_right_corner_dim=\dimen178
\l__coffin_bottom_corner_dim=\dimen179
\l__coffin_top_corner_dim=\dimen180
\l__coffin_scaled_total_height_dim=\dimen181
\l__coffin_scaled_width_dim=\dimen182
)
(/usr/local/texlive/2018/texmf-dist/tex/latex/l3kernel/l3xdvipdfmx.def
File: l3xdvidpfmx.def 2017/03/18 v L3 Experimental driver: xdvipdfmx
\g__driver_image_int=\count289
))
Package: xparse 2018/02/21 L3 Experimental document command parser
\l__xparse_current_arg_int=\count290
\g__xparse_grabber_int=\count291
\l__xparse_m_args_int=\count292
\l__xparse_mandatory_args_int=\count293
\l__xparse_v_nesting_int=\count294
)
Package: fontspec 2017/11/09 v2.6g Font selection for XeLaTeX and LuaLaTeX

(/usr/local/texlive/2018/texmf-dist/tex/latex/fontspec/fontspec-xetex.sty
Package: fontspec-xetex 2017/11/09 v2.6g Font selection for XeLaTeX and LuaLaTe
X
\l__fontspec_script_int=\count295
\l__fontspec_language_int=\count296
\l__fontspec_strnum_int=\count297
\l__fontspec_tmp_int=\count298
\l__fontspec_em_int=\count299
\l__fontspec_emdef_int=\count300
\l__fontspec_strong_int=\count301
\l__fontspec_strongdef_int=\count302
\l__fontspec_tmpa_dim=\dimen183
\l__fontspec_tmpb_dim=\dimen184
\l__fontspec_tmpc_dim=\dimen185
\g__file_internal_ior=\read2

(/usr/local/texlive/2018/texmf-dist/tex/latex/base/fontenc.sty
Package: fontenc 2017/04/05 v2.0i Standard LaTeX package

(/usr/local/texlive/2018/texmf-dist/tex/latex/base/tuenc.def
File: tuenc.def 2017/04/05 v2.0i Standard LaTeX file
LaTeX Font Info:    Redeclaring font encoding TU on input line 82.
))
.................................................
. LaTeX info: "xparse/define-command"
. 
. Defining command \fontspec with sig. 'O{}mO{}' on line 542.
.................................................
.................................................
. LaTeX info: "xparse/define-command"
. 
. Defining command \setmainfont with sig. 'O{}mO{}' on line 546.
.................................................
.................................................
. LaTeX info: "xparse/define-command"
. 
. Defining command \setsansfont with sig. 'O{}mO{}' on line 550.
.................................................
.................................................
. LaTeX info: "xparse/define-command"
. 
. Defining command \setmonofont with sig. 'O{}mO{}' on line 554.
.................................................
.................................................
. LaTeX info: "xparse/define-command"
. 
. Defining command \setmathrm with sig. 'O{}mO{}' on line 558.
.................................................
.................................................
. LaTeX info: "xparse/define-command"
. 
. Defining command \setboldmathrm with sig. 'O{}mO{}' on line 562.
.................................................
.................................................
. LaTeX info: "xparse/define-command"
. 
. Defining command \setmathsf with sig. 'O{}mO{}' on line 566.
.................................................
.................................................
. LaTeX info: "xparse/define-command"
. 
. Defining command \setmathtt with sig. 'O{}mO{}' on line 570.
.................................................
.................................................
. LaTeX info: "xparse/define-command"
. 
. Defining command \setromanfont with sig. 'O{}mO{}' on line 574.
.................................................
.................................................
. LaTeX info: "xparse/define-command"
. 
. Defining command \newfontfamily with sig. 'mO{}mO{}' on line 578.
.................................................
.................................................
. LaTeX info: "xparse/define-command"
. 
. Defining command \newfontface with sig. 'mO{}mO{}' on line 582.
.................................................
.................................................
. LaTeX info: "xparse/define-command"
. 
. Defining command \defaultfontfeatures with sig. 't+om' on line 586.
.................................................
.................................................
. LaTeX info: "xparse/define-command"
. 
. Defining command \addfontfeatures with sig. 'm' on line 590.
.................................................
.................................................
. LaTeX info: "xparse/define-command"
. 
. Defining command \addfontfeature with sig. 'm' on line 594.
.................................................
.................................................
. LaTeX info: "xparse/define-command"
. 
. Defining command \newfontfeature with sig. 'mm' on line 598.
.................................................
.................................................
. LaTeX info: "xparse/define-command"
. 
. Defining command \newAATfeature with sig. 'mmmm' on line 602.
.................................................
.................................................
. LaTeX info: "xparse/define-command"
. 
. Defining command \newopentypefeature with sig. 'mmm' on line 606.
.................................................
.................................................
. LaTeX info: "xparse/define-command"
. 
. Defining command \newICUfeature with sig. 'mmm' on line 610.
.................................................
.................................................
. LaTeX info: "xparse/define-command"
. 
. Defining command \aliasfontfeature with sig. 'mm' on line 614.
.................................................
.................................................
. LaTeX info: "xparse/define-command"
. 
. Defining command \aliasfontfeatureoption with sig. 'mmm' on line 618.
.................................................
.................................................
. LaTeX info: "xparse/define-command"
. 
. Defining command \newfontscript with sig. 'mm' on line 622.
.................................................
.................................................
. LaTeX info: "xparse/define-command"
. 
. Defining command \newfontlanguage with sig. 'mm' on line 626.
.................................................
.................................................
. LaTeX info: "xparse/define-command"
. 
. Defining command \DeclareFontsExtensions with sig. 'm' on line 630.
.................................................
.................................................
. LaTeX info: "xparse/define-command"
. 
. Defining command \IfFontFeatureActiveTF with sig. 'mmm' on line 634.
.................................................
.................................................
. LaTeX info: "xparse/define-command"
. 
. Defining command \EncodingCommand with sig. 'mO{}m' on line 3632.
.................................................
.................................................
. LaTeX info: "xparse/define-command"
. 
. Defining command \EncodingAccent with sig. 'mm' on line 3638.
.................................................
.................................................
. LaTeX info: "xparse/define-command"
. 
. Defining command \EncodingSymbol with sig. 'mm' on line 3644.
.................................................
.................................................
. LaTeX info: "xparse/define-command"
. 
. Defining command \EncodingComposite with sig. 'mmm' on line 3650.
.................................................
.................................................
. LaTeX info: "xparse/define-command"
. 
. Defining command \EncodingCompositeCommand with sig. 'mmm' on line 3656.
.................................................
.................................................
. LaTeX info: "xparse/define-command"
. 
. Defining command \DeclareUnicodeEncoding with sig. 'mm' on line 3681.
.................................................
.................................................
. LaTeX info: "xparse/define-command"
. 
. Defining command \UndeclareSymbol with sig. 'm' on line 3687.
.................................................
.................................................
. LaTeX info: "xparse/define-command"
. 
. Defining command \UndeclareAccent with sig. 'm' on line 3693.
.................................................
.................................................
. LaTeX info: "xparse/define-command"
. 
. Defining command \UndeclareCommand with sig. 'm' on line 3699.
.................................................
.................................................
. LaTeX info: "xparse/define-command"
. 
. Defining command \UndeclareComposite with sig. 'mm' on line 3706.
.................................................

(/usr/local/texlive/2018/texmf-dist/tex/latex/fontspec/fontspec.cfg)
LaTeX Info: Redefining \itshape on input line 3891.
LaTeX Info: Redefining \slshape on input line 3896.
LaTeX Info: Redefining \scshape on input line 3901.
LaTeX Info: Redefining \upshape on input line 3906.
LaTeX Info: Redefining \em on input line 3936.
LaTeX Info: Redefining \emph on input line 3961.
LaTeX Info: Redefining \- on input line 4015.
.................................................
. LaTeX info: "xparse/redefine-command"
. 
. Redefining command \oldstylenums with sig. 'm' on line 4110.
.................................................
.................................................
. LaTeX info: "xparse/define-command"
. 
. Defining command \liningnums with sig. 'm' on line 4114.
.................................................
))
(/usr/local/texlive/2018/texmf-dist/tex/xelatex/xunicode/xunicode.sty
File: xunicode.sty 2011/09/09 v0.981 provides access to latin accents and many 
other characters in Unicode lower plane

(/usr/local/texlive/2018/texmf-dist/tex/latex/tipa/t3enc.def
File: t3enc.def 2001/12/31 T3 encoding
)
\tipaTiiicode=\count303
\tipasavetokens=\toks25
\tipachecktokens=\toks26
)
(/usr/local/texlive/2018/texmf-dist/tex/latex/polyglossia/polyglossia.sty
Package: polyglossia 2015/03/25 v1.42.4 Alternative to Babel for XeLaTeX and Lu
aLaTeX

(/usr/local/texlive/2018/texmf-dist/tex/latex/etoolbox/etoolbox.sty
Package: etoolbox 2018/02/11 v2.5e e-TeX tools for LaTeX (JAW)
\etb@tempcnta=\count304
)
(/usr/local/texlive/2018/texmf-dist/tex/latex/makecmds/makecmds.sty
Package: makecmds 2009/09/03 v1.0a extra command making commands
)
(/usr/local/texlive/2018/texmf-dist/tex/latex/xkeyval/xkeyval.sty
Package: xkeyval 2014/12/03 v2.7a package option processing (HA)

(/usr/local/texlive/2018/texmf-dist/tex/generic/xkeyval/xkeyval.tex
(/usr/local/texlive/2018/texmf-dist/tex/generic/xkeyval/xkvutils.tex
\XKV@toks=\toks27
\XKV@tempa@toks=\toks28
)
\XKV@depth=\count305
File: xkeyval.tex 2014/12/03 v2.7a key=value parser (HA)
))
\xpg@normalclass=\XeTeXcharclass1
)
\g__fontspec_family_LinuxLibertineG_int=\count306
.................................................
. fontspec info: "defining-font"
. 
. Font family 'LinuxLibertineG(0)' created for font 'LinuxLibertineG' with
. options [Ligatures=TeX,BoldFont = LinuxLibertineGB,ItalicFont =
. LinuxLibertineGI,BoldItalicFont = LinuxLibertineGZI,SlantedFont =
. LinLibertineSlantedZ,BoldSlantedFont = LinLibertineSlantedZ,SmallCapsFont =
. LinLibertineCapitals].
.  
.  This font family consists of the following NFSS series/shapes:
.  
. - 'normal' (m/n) with NFSS spec.:
. <->"LinuxLibertineG/OT:script=latn;language=DFLT;mapping=tex-text;"
. - 'small caps'  (m/sc) with NFSS spec.:
. <->"LinLibertineCapitals/OT:script=latn;language=DFLT;mapping=tex-text;"
. - 'bold' (bx/n) with NFSS spec.:
. <->"LinuxLibertineGB/OT:script=latn;language=DFLT;mapping=tex-text;"
. - 'bold small caps'  (bx/sc) with NFSS spec.:
. <->"LinLibertineCapitals/OT:script=latn;language=DFLT;mapping=tex-text;"
. - 'italic' (m/it) with NFSS spec.:
. <->"LinuxLibertineGI/OT:script=latn;language=DFLT;mapping=tex-text;"
. - 'italic small caps'  (m/itsc) with NFSS spec.:
. <->"LinLibertineCapitals/OT:script=latn;language=DFLT;mapping=tex-text;"
. - 'slanted' (m/sl) with NFSS spec.:
. <->"LinLibertineSlantedZ/OT:script=latn;language=DFLT;mapping=tex-text;"
. - 'slanted small caps'  (m/slsc) with NFSS spec.:
. <->"LinLibertineCapitals/OT:script=latn;language=DFLT;mapping=tex-text;"
. - 'bold italic' (bx/it) with NFSS spec.:
. <->"LinuxLibertineGZI/OT:script=latn;language=DFLT;mapping=tex-text;"
. - 'bold italic small caps'  (bx/itsc) with NFSS spec.:
. <->"LinLibertineCapitals/OT:script=latn;language=DFLT;mapping=tex-text;"
. - 'bold slanted' (bx/sl) with NFSS spec.:
. <->"LinLibertineSlantedZ/OT:script=latn;language=DFLT;mapping=tex-text;"
. - 'bold slanted small caps'  (bx/slsc) with NFSS spec.:
. <->"LinLibertineCapitals/OT:script=latn;language=DFLT;mapping=tex-text;"
.................................................
LaTeX Info: Redefining \rmfamily on input line 46.
\g__fontspec_family_LinLibertine_M_int=\count307
.................................................
. fontspec info: "no-font-shape"
. 
. Could not resolve font "LinLibertine_M/BI" (it probably doesn't exist).
.................................................
.................................................
. fontspec info: "no-font-shape"
. 
. Could not resolve font "LinLibertine_M/B" (it probably doesn't exist).
.................................................
.................................................
. fontspec info: "no-font-shape"
. 
. Could not resolve font "LinLibertine_M/I" (it probably doesn't exist).
.................................................
.................................................
. fontspec info: "defining-font"
. 
. Font family 'LinLibertine_M(0)' created for font 'LinLibertine_M' with
. options [WordSpace={1,0,0},HyphenChar=None,PunctuationSpace=WordSpace].
.  
.  This font family consists of the following NFSS series/shapes:
.  
. - 'normal' (m/n) with NFSS spec.:
. <->"LinLibertine_M/OT:script=latn;language=DFLT;"
. - 'small caps'  (m/sc) with NFSS spec.: 
. and font adjustment code:
. \fontdimen 2\font =1\fontdimen 2\font \fontdimen 3\font =0\fontdimen 3\font
. \fontdimen 4\font =0\fontdimen 4\font \fontdimen 7\font =0\fontdimen 2\font
. \tex_hyphenchar:D \font =-1\scan_stop: 
.................................................
LaTeX Info: Redefining \ttfamily on input line 47.
\g__fontspec_family_LiberationSans_int=\count308
.................................................
. fontspec info: "defining-font"
. 
. Font family 'LiberationSans(0)' created for font 'LiberationSans' with
. options [Ligatures=TeX].
.  
.  This font family consists of the following NFSS series/shapes:
.  
. - 'normal' (m/n) with NFSS spec.:
. <->"LiberationSans/OT:script=latn;language=DFLT;mapping=tex-text;"
. - 'small caps'  (m/sc) with NFSS spec.: 
. - 'bold' (bx/n) with NFSS spec.:
. <->"LiberationSans/B/OT:script=latn;language=DFLT;mapping=tex-text;"
. - 'bold small caps'  (bx/sc) with NFSS spec.: 
. - 'italic' (m/it) with NFSS spec.:
. <->"LiberationSans/I/OT:script=latn;language=DFLT;mapping=tex-text;"
. - 'italic small caps'  (m/itsc) with NFSS spec.: 
. - 'bold italic' (bx/it) with NFSS spec.:
. <->"LiberationSans/BI/OT:script=latn;language=DFLT;mapping=tex-text;"
. - 'bold italic small caps'  (bx/itsc) with NFSS spec.: 
.................................................
LaTeX Info: Redefining \sffamily on input line 48.

(/usr/local/texlive/2018/texmf-dist/tex/latex/newunicodechar/newunicodechar.sty
Package: newunicodechar 2012/11/12 v1.1 Defining Unicode characters
) (/usr/local/texlive/2018/texmf-dist/tex/latex/lettrine/lettrine.sty
File: lettrine.sty 2015/08/31 v1.9 (Daniel Flipo)
\c@DefaultLines=\count309
\c@DefaultDepth=\count310
\DefaultFindent=\dimen186
\DefaultNindent=\dimen187
\DefaultSlope=\dimen188
\DiscardVskip=\dimen189
\L@lbox=\box45
\L@tbox=\box46
\c@L@lines=\count311
\c@L@depth=\count312
\L@Pindent=\dimen190
\L@Findent=\dimen191
\L@Nindent=\dimen192
\L@lraise=\dimen193
\L@first=\dimen194
\L@next=\dimen256
\L@slope=\dimen257
\L@height=\dimen258
\L@novskip=\dimen259
\LettrineWidth=\dimen260
\LettrineHeight=\dimen261
\LettrineDepth=\dimen262

Loading lettrine.cfg
(/usr/local/texlive/2018/texmf-dist/tex/latex/lettrine/lettrine.cfg))
(/usr/local/texlive/2018/texmf-dist/tex/latex/xcolor/xcolor.sty
Package: xcolor 2016/05/11 v2.12 LaTeX color extensions (UK)

(/usr/local/texlive/2018/texmf-dist/tex/latex/graphics-cfg/color.cfg
File: color.cfg 2016/01/02 v1.6 sample color configuration
)
Package xcolor Info: Driver file: xetex.def on input line 225.

(/usr/local/texlive/2018/texmf-dist/tex/latex/colortbl/colortbl.sty
Package: colortbl 2012/02/13 v1.0a Color table columns (DPC)
\everycr=\toks29
\minrowclearance=\skip191
)
\rownum=\count313
Package xcolor Info: Model `cmy' substituted by `cmy0' on input line 1348.
Package xcolor Info: Model `RGB' extended on input line 1364.
Package xcolor Info: Model `HTML' substituted by `rgb' on input line 1366.
Package xcolor Info: Model `Hsb' substituted by `hsb' on input line 1367.
Package xcolor Info: Model `tHsb' substituted by `hsb' on input line 1368.
Package xcolor Info: Model `HSB' substituted by `hsb' on input line 1369.
Package xcolor Info: Model `Gray' substituted by `gray' on input line 1370.
Package xcolor Info: Model `wave' substituted by `hsb' on input line 1371.

(/usr/local/texlive/2018/texmf-dist/tex/latex/graphics/dvipsnam.def
File: dvipsnam.def 2016/06/17 v3.0m Driver-dependent file (DPC,SPQR)
)
(/usr/local/texlive/2018/texmf-dist/tex/latex/xcolor/svgnam.def
File: svgnam.def 2016/05/11 v2.12 Predefined colors according to SVG 1.1 (UK)
))
(/usr/local/texlive/2018/texmf-dist/tex/latex/marginnote/marginnote.sty
Package: marginnote 2017/04/22 v1.2b non floating margin notes for LaTeX
\c@mn@abspage=\count314
)
(/usr/local/texlive/2018/texmf-dist/tex/latex/textpos/textpos.sty
Package: textpos 2016/06/07 v1.8

Package: textpos 2016/06/07 1.8, absolute positioning of text on the page
(/usr/local/texlive/2018/texmf-dist/tex/latex/ms/everyshi.sty
Package: everyshi 2001/05/15 v3.00 EveryShipout Package (MS)
)
\TP@textbox=\box47
\TP@holdbox=\box48
\TPHorizModule=\dimen263
\TPVertModule=\dimen264
\TP@margin=\dimen265
\TP@absmargin=\dimen266

Grid set 16 x 16 = 24.36267pt x 38.41121pt
\TPboxrulesize=\dimen267
\TP@ox=\dimen268
\TP@oy=\dimen269
\TP@tbargs=\toks30
\TP@prevdepth=\dimen270
TextBlockOrigin set to 0pt x 0pt
) (/usr/local/texlive/2018/texmf-dist/tex/latex/tools/varioref.sty
Package: varioref 2016/02/16 v1.5c package for extended references (FMi)
\c@vrcnt=\count315
)
(/usr/local/texlive/2018/texmf-dist/tex/latex/hyperref/hyperref.sty
Package: hyperref 2018/02/06 v6.86b Hypertext links for LaTeX

(/usr/local/texlive/2018/texmf-dist/tex/generic/oberdiek/hobsub-hyperref.sty
Package: hobsub-hyperref 2016/05/16 v1.14 Bundle oberdiek, subset hyperref (HO)


(/usr/local/texlive/2018/texmf-dist/tex/generic/oberdiek/hobsub-generic.sty
Package: hobsub-generic 2016/05/16 v1.14 Bundle oberdiek, subset generic (HO)
Package: hobsub 2016/05/16 v1.14 Construct package bundles (HO)
Package: infwarerr 2016/05/16 v1.4 Providing info/warning/error messages (HO)
Package: ltxcmds 2016/05/16 v1.23 LaTeX kernel commands for general use (HO)
Package hobsub Info: Skipping package `ifluatex' (already loaded).
Package: ifvtex 2016/05/16 v1.6 Detect VTeX and its facilities (HO)
Package ifvtex Info: VTeX not detected.
Package: intcalc 2016/05/16 v1.2 Expandable calculations with integers (HO)
Package hobsub Info: Skipping package `ifpdf' (already loaded).
Package: etexcmds 2016/05/16 v1.6 Avoid name clashes with e-TeX commands (HO)
Package etexcmds Info: Could not find \expanded.
(etexcmds)             That can mean that you are not using pdfTeX 1.50 or
(etexcmds)             that some package has redefined \expanded.
(etexcmds)             In the latter case, load this package earlier.
Package: kvsetkeys 2016/05/16 v1.17 Key value parser (HO)
Package: kvdefinekeys 2016/05/16 v1.4 Define keys (HO)
Package: pdftexcmds 2018/01/21 v0.26 Utility functions of pdfTeX for LuaTeX (HO
)
Package pdftexcmds Info: LuaTeX not detected.
Package pdftexcmds Info: pdfTeX >= 1.30 not detected.
Package pdftexcmds Info: \pdf@primitive is available.
Package pdftexcmds Info: \pdf@ifprimitive is available.
Package pdftexcmds Info: \pdfdraftmode not found.
Package: pdfescape 2016/05/16 v1.14 Implements pdfTeX's escape features (HO)
Package: bigintcalc 2016/05/16 v1.4 Expandable calculations on big integers (HO
)
Package: bitset 2016/05/16 v1.2 Handle bit-vector datatype (HO)
Package: uniquecounter 2016/05/16 v1.3 Provide unlimited unique counter (HO)
)
Package hobsub Info: Skipping package `hobsub' (already loaded).
Package: letltxmacro 2016/05/16 v1.5 Let assignment for LaTeX macros (HO)
Package: hopatch 2016/05/16 v1.3 Wrapper for package hooks (HO)
Package: xcolor-patch 2016/05/16 xcolor patch
Package: atveryend 2016/05/16 v1.9 Hooks at the very end of document (HO)
Package: atbegshi 2016/06/09 v1.18 At begin shipout hook (HO)
Package: refcount 2016/05/16 v3.5 Data extraction from label references (HO)
Package: hycolor 2016/05/16 v1.8 Color options for hyperref/bookmark (HO)
)
(/usr/local/texlive/2018/texmf-dist/tex/latex/oberdiek/auxhook.sty
Package: auxhook 2016/05/16 v1.4 Hooks for auxiliary files (HO)
)
(/usr/local/texlive/2018/texmf-dist/tex/latex/oberdiek/kvoptions.sty
Package: kvoptions 2016/05/16 v3.12 Key value format for package options (HO)
)
\@linkdim=\dimen271
\Hy@linkcounter=\count316
\Hy@pagecounter=\count317

(/usr/local/texlive/2018/texmf-dist/tex/latex/hyperref/pd1enc.def
File: pd1enc.def 2018/02/06 v6.86b Hyperref: PDFDocEncoding definition (HO)
)
\Hy@SavedSpaceFactor=\count318

(/usr/local/texlive/2018/texmf-dist/tex/latex/latexconfig/hyperref.cfg
File: hyperref.cfg 2002/06/06 v1.2 hyperref configuration of TeXLive
)
Package hyperref Info: Option `final' set `true' on input line 4383.
Package hyperref Info: Hyper figures OFF on input line 4509.
Package hyperref Info: Link nesting OFF on input line 4514.
Package hyperref Info: Hyper index ON on input line 4517.
Package hyperref Info: Plain pages OFF on input line 4524.
Package hyperref Info: Backreferencing OFF on input line 4529.
Package hyperref Info: Implicit mode ON; LaTeX internals redefined.
Package hyperref Info: Bookmarks ON on input line 4762.
\c@Hy@tempcnt=\count319

(/usr/local/texlive/2018/texmf-dist/tex/latex/url/url.sty
\Urlmuskip=\muskip16
Package: url 2013/09/16  ver 3.4  Verb mode for urls, etc.
)
LaTeX Info: Redefining \url on input line 5115.
\XeTeXLinkMargin=\dimen272
\Fld@menulength=\count320
\Field@Width=\dimen273
\Fld@charsize=\dimen274
Package hyperref Info: Hyper figures OFF on input line 6369.
Package hyperref Info: Link nesting OFF on input line 6374.
Package hyperref Info: Hyper index ON on input line 6377.
Package hyperref Info: backreferencing OFF on input line 6384.
Package hyperref Info: Link coloring OFF on input line 6389.
Package hyperref Info: Link coloring with OCG OFF on input line 6394.
Package hyperref Info: PDF/A mode OFF on input line 6399.
LaTeX Info: Redefining \ref on input line 6439.
LaTeX Info: Redefining \pageref on input line 6443.
\Hy@abspage=\count321
\c@Item=\count322
\c@Hfootnote=\count323
)
(/usr/local/texlive/2018/texmf-dist/tex/latex/memoir/memhfixc.sty
Package: memhfixc 2013/05/30 v1.17 nameref/hyperref package fixes for memoir cl
ass
\c@memhycontfloat=\count324
\c@Hpagenote=\count325
)
Package hyperref Info: Driver (autodetected): hxetex.

(/usr/local/texlive/2018/texmf-dist/tex/latex/hyperref/hxetex.def
File: hxetex.def 2018/02/06 v6.86b Hyperref driver for XeTeX

(/usr/local/texlive/2018/texmf-dist/tex/latex/hyperref/puenc.def
File: puenc.def 2018/02/06 v6.86b Hyperref: PDF Unicode definition (HO)
)
(/usr/local/texlive/2018/texmf-dist/tex/generic/oberdiek/stringenc.sty
Package: stringenc 2016/05/16 v1.11 Convert strings between diff. encodings (HO
)
)
\pdfm@box=\box49
\c@Hy@AnnotLevel=\count326
\HyField@AnnotCount=\count327
\Fld@listcount=\count328
\c@bookmark@seq@number=\count329

(/usr/local/texlive/2018/texmf-dist/tex/latex/oberdiek/rerunfilecheck.sty
Package: rerunfilecheck 2016/05/16 v1.8 Rerun checks for auxiliary files (HO)
Package rerunfilecheck Info: Feature \pdfmdfivesum is not available
(rerunfilecheck)             (e.g. pdfTeX or LuaTeX with package `pdftexcmds').

(rerunfilecheck)             Therefore file contents cannot be checked efficien
tly
(rerunfilecheck)             and the loading of the package is aborted.
)
\Hy@SectionHShift=\skip192
)
Package hyperref Info: Option `colorlinks' set `true' on input line 172.
Package hyperref Info: Option `pdfcenterwindow' set `true' on input line 172.

(./header.aux

LaTeX Warning: Label `fig:planning' multiply defined.

)
\openout1 = `header.aux'.

LaTeX Font Info:    Checking defaults for OML/cmm/m/it on input line 174.
LaTeX Font Info:    ... okay on input line 174.
LaTeX Font Info:    Checking defaults for T1/cmr/m/n on input line 174.
LaTeX Font Info:    ... okay on input line 174.
LaTeX Font Info:    Checking defaults for OT1/cmr/m/n on input line 174.
LaTeX Font Info:    ... okay on input line 174.
LaTeX Font Info:    Checking defaults for OMS/cmsy/m/n on input line 174.
LaTeX Font Info:    ... okay on input line 174.
LaTeX Font Info:    Checking defaults for TU/lmr/m/n on input line 174.
LaTeX Font Info:    ... okay on input line 174.
LaTeX Font Info:    Checking defaults for OMX/cmex/m/n on input line 174.
LaTeX Font Info:    ... okay on input line 174.
LaTeX Font Info:    Checking defaults for U/cmr/m/n on input line 174.
LaTeX Font Info:    ... okay on input line 174.
LaTeX Font Info:    Checking defaults for T3/cmr/m/n on input line 174.
LaTeX Font Info:    Try loading font information for T3+cmr on input line 174.
 (/usr/local/texlive/2018/texmf-dist/tex/latex/tipa/t3cmr.fd
File: t3cmr.fd 2001/12/31 TIPA font definitions
)
LaTeX Font Info:    ... okay on input line 174.
LaTeX Font Info:    Checking defaults for PD1/pdf/m/n on input line 174.
LaTeX Font Info:    ... okay on input line 174.
LaTeX Font Info:    Checking defaults for PU/pdf/m/n on input line 174.
LaTeX Font Info:    ... okay on input line 174.
LaTeX Info: Redefining \microtypecontext on input line 174.
Package microtype Info: Character protrusion enabled (level 2).
Package microtype Info: Using default protrusion set `alltext'.
Package microtype Info: No adjustment of tracking.
Package microtype Info: No adjustment of spacing.
Package microtype Info: No adjustment of kerning.
Package microtype Info: Loading generic protrusion settings for font family
(microtype)             `LinuxLibertineG' (encoding: TU).
(microtype)             For optimal results, create family-specific settings.
(microtype)             See the microtype manual for details.
.................................................
. fontspec info: "setup-math"
. 
. Adjusting the maths setup (use [no-math] to avoid this).
.................................................
\symlegacymaths=\mathgroup4
LaTeX Font Info:    Overwriting symbol font `legacymaths' in version `bold'
(Font)                  OT1/cmr/m/n --> OT1/cmr/bx/n on input line 174.
LaTeX Font Info:    Redeclaring math accent \acute on input line 174.
LaTeX Font Info:    Redeclaring math accent \grave on input line 174.
LaTeX Font Info:    Redeclaring math accent \ddot on input line 174.
LaTeX Font Info:    Redeclaring math accent \tilde on input line 174.
LaTeX Font Info:    Redeclaring math accent \bar on input line 174.
LaTeX Font Info:    Redeclaring math accent \breve on input line 174.
LaTeX Font Info:    Redeclaring math accent \check on input line 174.
LaTeX Font Info:    Redeclaring math accent \hat on input line 174.
LaTeX Font Info:    Redeclaring math accent \dot on input line 174.
LaTeX Font Info:    Redeclaring math accent \mathring on input line 174.
LaTeX Font Info:    Redeclaring math symbol \colon on input line 174.
LaTeX Font Info:    Redeclaring math symbol \Gamma on input line 174.
LaTeX Font Info:    Redeclaring math symbol \Delta on input line 174.
LaTeX Font Info:    Redeclaring math symbol \Theta on input line 174.
LaTeX Font Info:    Redeclaring math symbol \Lambda on input line 174.
LaTeX Font Info:    Redeclaring math symbol \Xi on input line 174.
LaTeX Font Info:    Redeclaring math symbol \Pi on input line 174.
LaTeX Font Info:    Redeclaring math symbol \Sigma on input line 174.
LaTeX Font Info:    Redeclaring math symbol \Upsilon on input line 174.
LaTeX Font Info:    Redeclaring math symbol \Phi on input line 174.
LaTeX Font Info:    Redeclaring math symbol \Psi on input line 174.
LaTeX Font Info:    Redeclaring math symbol \Omega on input line 174.
LaTeX Font Info:    Redeclaring math symbol \mathdollar on input line 174.
LaTeX Font Info:    Redeclaring symbol font `operators' on input line 174.
LaTeX Font Info:    Encoding `OT1' has changed to `TU' for symbol font
(Font)              `operators' in the math version `normal' on input line 174.

LaTeX Font Info:    Overwriting symbol font `operators' in version `normal'
(Font)                  OT1/cmr/m/n --> TU/LinuxLibertineG(0)/m/n on input line
 174.
LaTeX Font Info:    Encoding `OT1' has changed to `TU' for symbol font
(Font)              `operators' in the math version `bold' on input line 174.
LaTeX Font Info:    Overwriting symbol font `operators' in version `bold'
(Font)                  OT1/cmr/bx/n --> TU/LinuxLibertineG(0)/m/n on input lin
e 174.
LaTeX Font Info:    Overwriting symbol font `operators' in version `normal'
(Font)                  TU/LinuxLibertineG(0)/m/n --> TU/LinuxLibertineG(0)/m/n
 on input line 174.
LaTeX Font Info:    Overwriting math alphabet `\mathit' in version `normal'
(Font)                  OT1/cmr/m/it --> TU/LinuxLibertineG(0)/m/it on input li
ne 174.
LaTeX Font Info:    Overwriting math alphabet `\mathbf' in version `normal'
(Font)                  OT1/cmr/bx/n --> TU/LinuxLibertineG(0)/bx/n on input li
ne 174.
LaTeX Font Info:    Overwriting math alphabet `\mathsf' in version `normal'
(Font)                  OT1/cmss/m/n --> TU/LiberationSans(0)/m/n on input line
 174.
LaTeX Font Info:    Overwriting math alphabet `\mathtt' in version `normal'
(Font)                  OT1/cmtt/m/n --> TU/LinLibertine_M(0)/m/n on input line
 174.
LaTeX Font Info:    Overwriting symbol font `operators' in version `bold'
(Font)                  TU/LinuxLibertineG(0)/m/n --> TU/LinuxLibertineG(0)/bx/
n on input line 174.
LaTeX Font Info:    Overwriting math alphabet `\mathit' in version `bold'
(Font)                  OT1/cmr/bx/it --> TU/LinuxLibertineG(0)/bx/it on input 
line 174.
LaTeX Font Info:    Overwriting math alphabet `\mathsf' in version `bold'
(Font)                  OT1/cmss/bx/n --> TU/LiberationSans(0)/bx/n on input li
ne 174.
LaTeX Font Info:    Overwriting math alphabet `\mathtt' in version `bold'
(Font)                  OT1/cmtt/m/n --> TU/LinLibertine_M(0)/bx/n on input lin
e 174.
Package marginnote Info: \pdfoutput not 0 or unimportant and
(marginnote)             \pdflastxpos or \lastxpos available.
(marginnote)             Extended position detection mode activated.

ABD: EveryShipout initializing macros
\AtBeginShipoutBox=\box50
Package hyperref Info: Link coloring ON on input line 174.

(/usr/local/texlive/2018/texmf-dist/tex/latex/hyperref/nameref.sty
Package: nameref 2016/05/21 v2.44 Cross-referencing by name of section

(/usr/local/texlive/2018/texmf-dist/tex/generic/oberdiek/gettitlestring.sty
Package: gettitlestring 2016/05/16 v1.5 Cleanup title references (HO)
)
\c@section@level=\count330
LaTeX Info: Redefining \Ref on input line 515.
)
Redoing nameref's sectioning
Redoing nameref's label
LaTeX Info: Redefining \nameref on input line 174.
LaTeX Info: Redefining \ref on input line 174.
LaTeX Info: Redefining \pageref on input line 174.
LaTeX Info: Redefining \nameref on input line 174.
(./header.out) (./header.out)
\@outlinefile=\write4
\openout4 = `header.out'.

LaTeX Info: Redefining \Ref on input line 174.
File: ./media/images/cover.png Graphic file (type bmp)
<./media/images/cover.png>

Overfull \hbox (188.07274pt too wide) in paragraph at lines 185--186
[] 
 []

(/usr/local/texlive/2018/texmf-dist/tex/generic/oberdiek/se-ascii-print.def
File: se-ascii-print.def 2016/05/16 v1.11 stringenc: Printable ASCII characters

)
[1


] (./header.toc
LaTeX Font Info:    External font `cmex10' loaded for size
(Font)              <7> on input line 2.
LaTeX Font Info:    External font `cmex10' loaded for size
(Font)              <5> on input line 2.

(/usr/local/texlive/2018/texmf-dist/tex/latex/microtype/mt-cmr.cfg
File: mt-cmr.cfg 2013/05/19 v2.2 microtype config. file: Computer Modern Roman 
(RS)
)) [2]

Package hyperref Warning: Token not allowed in a PDF string (Unicode):
(hyperref)                removing `\\' on input line 190.

(./article_one.tex
File: ./media/images/book_candle.jpg Graphic file (type bmp)
<./media/images/book_candle.jpg>
 [3

]
File: ./media/images/cave.jpg Graphic file (type bmp)
<./media/images/cave.jpg>

Underfull \hbox (badness 10000) in paragraph at lines 26--26
\TU/LinuxLibertineG(0)/m/it/6 Searching every
 []

File: ./media/images/apple.jpg Graphic file (type bmp)
<./media/images/apple.jpg>

Underfull \hbox (badness 10000) in paragraph at lines 33--33
\TU/LinuxLibertineG(0)/m/it/6 The venerable Apple
 []


LaTeX Warning: Marginpar on page 4 moved by 10.21873pt.

Package marginnote Info: Margin note 4.1 is on absolute page 4
(marginnote)              on input line 58.
Package marginnote Info: xpos seems to be 266.51915pt,
(marginnote)             \marginnoteleftadjust ignored on input line 58.

Overfull \hbox (12.80298pt too wide) in paragraph at lines 51--64
\TU/LinuxLibertineG(0)/m/n/10 grey background beneath multicolored syntaxed le
ttering. While
 []

[4]
Package marginnote Info: Margin note 5.1 is on absolute page 5
(marginnote)              on input line 82.
Package marginnote Info: xpos seems to be 69.26999pt,
(marginnote)             \marginnoterightadjust ignored on input line 82.
File: ./media/images/indie.jpg Graphic file (type bmp)
<./media/images/indie.jpg>
Package marginnote Info: Margin note 5.2 is on absolute page 5
(marginnote)              on input line 101.
Package marginnote Info: xpos seems to be 69.26999pt,
(marginnote)             \marginnoterightadjust ignored on input line 101.
File: ./media/images/cypher.jpg Graphic file (type bmp)
<./media/images/cypher.jpg>
 [5]
Underfull \hbox (badness 10000) in paragraph at lines 121--122

 []


Underfull \hbox (badness 10000) in paragraph at lines 121--122

 []


Underfull \hbox (badness 10000) in paragraph at lines 123--124

 []


Underfull \hbox (badness 10000) in paragraph at lines 123--124

 []

) [6]
File: ./media/images/bridging_the_gap.png Graphic file (type bmp)
<./media/images/bridging_the_gap.png>

Overfull \hbox (188.07274pt too wide) in paragraph at lines 195--196
[] 
 []

[7

]

Package hyperref Warning: Token not allowed in a PDF string (Unicode):
(hyperref)                removing `\\' on input line 197.

(./article_two.tex
File: ./media/images/article_one_splash.jpg Graphic file (type bmp)
<./media/images/article_one_splash.jpg>
 [8

]
Underfull \hbox (badness 5274) in paragraph at lines 31--31
[]\TU/LinuxLibertineG(0)/m/it/6 Taking the extra ef-
 []


Underfull \hbox (badness 3568) in paragraph at lines 51--51
\TU/LinuxLibertineG(0)/m/it/6 to further your long
 []


Underfull \hbox (badness 10000) in paragraph at lines 63--63
[]\TU/LinuxLibertineG(0)/m/it/6 Talent wins games,
 []


Underfull \hbox (badness 10000) in paragraph at lines 63--63
\TU/LinuxLibertineG(0)/m/it/6 but teamwork and
 []


Underfull \hbox (badness 10000) in paragraph at lines 63--63
\TU/LinuxLibertineG(0)/m/it/6 intelligence win
 []

[9] [10]
File: ./media/images/room_examine.png Graphic file (type bmp)
<./media/images/room_examine.png>

Underfull \hbox (badness 10000) in paragraph at lines 105--107

 []


Underfull \hbox (badness 1199) in paragraph at lines 112--112
[]\TU/LinuxLibertineG(0)/m/it/6 The world view layer
 []

[11]
Overfull \hbox (1.09563pt too wide) in paragraph at lines 120--121
\TU/LinuxLibertineG(0)/m/n/10 marizers descriptions in your flowchart (outline
d below). From
 []


Underfull \hbox (badness 10000) in paragraph at lines 130--130
[]\TU/LinuxLibertineG(0)/m/it/6 The narrator fills
 []


Underfull \hbox (badness 10000) in paragraph at lines 130--130
\TU/LinuxLibertineG(0)/m/it/6 realtime gaps in
 []


Underfull \hbox (badness 2452) in paragraph at lines 130--130
\TU/LinuxLibertineG(0)/m/it/6 the readers thinking,
 []


Underfull \hbox (badness 1874) in paragraph at lines 130--130
\TU/LinuxLibertineG(0)/m/it/6 the next crest of the
 []

File: ./media/images/prop.jpg Graphic file (type bmp)
<./media/images/prop.jpg>

Underfull \hbox (badness 1810) in paragraph at lines 139--139
\TU/LinuxLibertineG(0)/m/it/6 The reader is greeted
 []


Underfull \hbox (badness 10000) in paragraph at lines 139--139
\TU/LinuxLibertineG(0)/m/it/6 with ancient propor-
 []


Underfull \hbox (badness 10000) in paragraph at lines 139--139
\TU/LinuxLibertineG(0)/m/it/6 (Photo: [][]\TU/LinuxLibertineG(0)/m/itsc/6 josep
h
 []


Overfull \hbox (1.78136pt too wide) in paragraph at lines 147--151
[]\TU/LinuxLibertineG(0)/m/n/9 Reddish, golden light bathes the tops of the mas
sive walls
 []

[12]
Overfull \hbox (2.18425pt too wide) in paragraph at lines 155--159
[]\TU/LinuxLibertineG(0)/m/n/9 A scholarly man somewhere in his mid-sixties rea
ds from
 []

[13]
Overfull \hbox (2.30957pt too wide) in paragraph at lines 187--188
[]\TU/LinuxLibertineG(0)/bx/n/9 [The Interlocutor moves further down the steps 
and
 []


Underfull \hbox (badness 10000) in paragraph at lines 213--213
[]\TU/LinuxLibertineG(0)/m/it/6 Varying responses
 []

[14]
Underfull \hbox (badness 1019) in paragraph at lines 231--231
[]\TU/LinuxLibertineG(0)/m/it/6 Never taking yourself
 []

[15] [16])
Overfull \hbox (4.62048pt too wide) in paragraph at lines 320--199
\TU/LinuxLibertineG(0)/m/n/10 examples and code snippets for applying the layer
ing techniques
 []

[17]
File: ./media/images/planning_if.png Graphic file (type bmp)
<./media/images/planning_if.png>

Overfull \hbox (188.07274pt too wide) in paragraph at lines 202--203
[] 
 []

[18

]

Package hyperref Warning: Token not allowed in a PDF string (Unicode):
(hyperref)                removing `\\' on input line 205.

(./article_four.tex
File: ./media/images/chart.jpg Graphic file (type bmp)
<./media/images/chart.jpg>
 [19

]
Underfull \hbox (badness 1874) in paragraph at lines 26--26
\TU/LinuxLibertineG(0)/m/it/6 its better feeling un-
 []


Underfull \hbox (badness 1038) in paragraph at lines 26--26
\TU/LinuxLibertineG(0)/m/it/6 constrained about the
 []

Package marginnote Info: Margin note 20.1 is on absolute page 20
(marginnote)              on input line 51.
File: ./media/images/star_map.jpg Graphic file (type bmp)
<./media/images/star_map.jpg>
Package marginnote Info: xpos seems to be 194.31984pt,
(marginnote)             \marginnoteleftadjust ignored on input line 51.
File: ./media/images/acropolis_map.jpg Graphic file (type bmp)
<./media/images/acropolis_map.jpg>

LaTeX Warning: `h' float specifier changed to `ht'.


Underfull \hbox (badness 10000) in paragraph at lines 66--66
[]\TU/LinuxLibertineG(0)/m/it/6 Drawing inspiration
 []


Underfull \hbox (badness 3895) in paragraph at lines 66--66
\TU/LinuxLibertineG(0)/m/it/6 and templating from
 []


Underfull \hbox (badness 10000) in paragraph at lines 66--66
\TU/LinuxLibertineG(0)/m/it/6 realworld source
 []


Overfull \hbox (12.54175pt too wide) in paragraph at lines 67--71
[]\TU/LinuxLibertineG(0)/m/n/10 drawing boxes over each location with connector
s inbetween.
 []

Package microtype Info: Loading generic protrusion settings for font family
(microtype)             `LinLibertine_M' (encoding: TU).
(microtype)             For optimal results, create family-specific settings.
(microtype)             See the microtype manual for details.

Overfull \hbox (40.14131pt too wide) in paragraph at lines 73--83
\TU/LinuxLibertineG(0)/m/n/10 the included xml file in the respository \TU/LinL
ibertine_M(0)/m/n/6 t3sketch/example/living_quarters.xml
 []

[20]
Package marginnote Info: Margin note 21.1 is on absolute page 21
(marginnote)              on input line 89.
Package marginnote Info: xpos seems to be 127.97664pt,
(marginnote)             \marginnoteleftadjust ignored on input line 89.
Package marginnote Info: Margin note 21.2 is on absolute page 21
(marginnote)              on input line 104.
Package marginnote Info: xpos seems to be 69.26999pt,
(marginnote)             \marginnoterightadjust ignored on input line 104.
File: ./media/images/celestia.jpg Graphic file (type bmp)
<./media/images/celestia.jpg>
Package marginnote Info: Margin note 21.3 is on absolute page 21
(marginnote)              on input line 110.
Package marginnote Info: xpos seems to be 69.26999pt,
(marginnote)             \marginnoteleftadjust ignored on input line 110.
 [21]
Overfull \hbox (70.64589pt too wide) in paragraph at lines 119--120
[]\TU/LinuxLibertineG(0)/bx/n/9 $ sumy lex-rank length=10 url https://www.anc
ient.eu/parthenon/ 
 []


Overfull \hbox (9.0045pt too wide) in paragraph at lines 121--122
\TU/LinuxLibertineG(0)/m/n/9 The magnificent temple on the Acropolis of Athens,
 known
 []

File: media/images/artistic_scenery.jpg Graphic file (type bmp)
<media/images/artistic_scenery.jpg>

Underfull \hbox (badness 7613) in paragraph at lines 142--142
\TU/LinuxLibertineG(0)/m/sc/6 An artistic means
 []


Underfull \hbox (badness 10000) in paragraph at lines 142--142
\TU/LinuxLibertineG(0)/m/n/6 of capturing your
 []


Underfull \hbox (badness 10000) in paragraph at lines 142--142
\TU/LinuxLibertineG(0)/m/n/6 readers attention
 []


Underfull \hbox (badness 10000) in paragraph at lines 142--142
\TU/LinuxLibertineG(0)/m/n/6 by the tasteful
 []


Underfull \hbox (badness 10000) in paragraph at lines 142--142
\TU/LinuxLibertineG(0)/m/n/6 use of color on
 []


Underfull \hbox (badness 10000) in paragraph at lines 142--142
\TU/LinuxLibertineG(0)/m/n/6 blackandwhite
 []


Underfull \hbox (badness 10000) in paragraph at lines 142--142
\TU/LinuxLibertineG(0)/m/n/6 (Photo: [][]\TU/LinuxLibertineG(0)/m/sc/6 Pixabay:

 []

File: ./media/images/exoplanet.jpg Graphic file (type bmp)
<./media/images/exoplanet.jpg>

Underfull \hbox (badness 3803) in paragraph at lines 144--149
\TU/LinuxLibertineG(0)/m/sc/9 Imagine your interlocutor as \TU/LinuxLibertineG(
0)/m/n/9 the first to discover organic
 []


LaTeX Warning: `h' float specifier changed to `ht'.

Package marginnote Info: Margin note 22.1 is on absolute page 23
(marginnote)              on input line 165.
File: ./media/images/acropolis_model.jpeg Graphic file (type bmp)
<./media/images/acropolis_model.jpeg>
Package marginnote Info: xpos seems to be 69.26999pt,
(marginnote)             \marginnoteleftadjust ignored on input line 165.
[22]
Package marginnote Info: Margin note 23.1 is on absolute page 23
(marginnote)              on input line 178.
File: ./media/images/fg_map.png Graphic file (type bmp)
<./media/images/fg_map.png>
Package marginnote Info: xpos seems to be 249.05336pt,
(marginnote)             \marginnoteleftadjust ignored on input line 178.
File: ./media/images/fg_scenery.jpg Graphic file (type bmp)
<./media/images/fg_scenery.jpg>

Overfull \hbox (1.8324pt too wide) in paragraph at lines 171--196
\TU/LinuxLibertineG(0)/m/n/10 simulator that is available for free download. Yo
u can use Flight-
 []


LaTeX Warning: `h' float specifier changed to `ht'.

[23]
Package marginnote Info: Margin note 24.1 is on absolute page 24
(marginnote)              on input line 203.
Package marginnote Info: xpos seems to be 69.26999pt,
(marginnote)             \marginnoterightadjust ignored on input line 203.
File: ./media/images/fg_sat_map.jpg Graphic file (type bmp)
<./media/images/fg_sat_map.jpg>
Package marginnote Info: Margin note 24.2 is on absolute page 24
(marginnote)              on input line 218.
Package marginnote Info: xpos seems to be 69.26999pt,
(marginnote)             \marginnoterightadjust ignored on input line 218.
File: ./media/images/stellarium.png Graphic file (type bmp)
<./media/images/stellarium.png>

Overfull \hbox (6.06145pt too wide) in paragraph at lines 226--232
\TU/LinuxLibertineG(0)/m/n/10 commit [][]\TU/LinuxLibertineG(0)/m/sc/10 crimes 
against mimesis[][] \TU/LinuxLibertineG(0)/m/n/10 require careful planning. Whe
n
 []

[24]
File: ./media/images/story_board.pdf Graphic file (type pdf)
<use ./media/images/story_board.pdf>


LaTeX Warning: `h' float specifier changed to `ht'.

File: ./media/images/conv_short.pdf Graphic file (type pdf)
<use ./media/images/conv_short.pdf>

LaTeX Warning: `h' float specifier changed to `ht'.

File: /tmp/felice.jpg Graphic file (type bmp)
</tmp/felice.jpg>
) [25] [26]
File: ./media/images/epilogue.png Graphic file (type bmp)
<./media/images/epilogue.png>

Overfull \hbox (188.07274pt too wide) in paragraph at lines 210--211
[] 
 []

[27

]

Package hyperref Warning: Token not allowed in a PDF string (Unicode):
(hyperref)                removing `\\' on input line 213.

(./article_three.tex
File: ./media/images/engaged.jpg Graphic file (type bmp)
<./media/images/engaged.jpg>

Overfull \hbox (1.92209pt too wide) in paragraph at lines 8--10
[][]\TU/LinuxLibertineG(0)/bx/it/7 Ease of navigation is important in both phy
sical and virtual space. 
 []

[28

]
Underfull \hbox (badness 10000) in paragraph at lines 42--44

 []


Underfull \hbox (badness 10000) in paragraph at lines 42--44

 []


Underfull \hbox (badness 10000) in paragraph at lines 45--46

 []


Underfull \hbox (badness 10000) in paragraph at lines 45--46

 []

) [29]
\tf@toc=\write5
\openout5 = `header.toc'.

Package atveryend Info: Empty hook `BeforeClearDocument' on input line 232.
Package atveryend Info: Empty hook `AfterLastShipout' on input line 232.
 (./header.aux)
Package atveryend Info: Empty hook `AtVeryEndDocument' on input line 232.
Package atveryend Info: Empty hook `AtEndAfterFileList' on input line 232.


LaTeX Warning: There were multiply-defined labels.

 ) 
Here is how much of TeX's memory you used:
 27716 strings out of 493007
 499196 string characters out of 6134605
 643204 words of memory out of 5000000
 31411 multiletter control sequences out of 15000+600000
 532172 words of font info for 73 fonts, out of 8000000 for 9000
 1348 hyphenation exceptions out of 8191
 43i,12n,65p,10389b,436s stack positions out of 5000i,500n,10000p,200000b,80000s

Output written on header.pdf (29 pages).
